<?xml version="1.0" encoding="UTF-8"?>
<!-- Generated by org.testng.reporters.JUnitXMLReporter -->
<testsuite ignored="0" hostname="C02YQ78DLVCF" failures="0" tests="8" name="Regression" time="128.865" errors="0" timestamp="2021-05-08T23:39:25 GST">
  <testcase classname="frontEnd.sample" name="verifyHundredResultsDisplayed" time="24.594"/>
  <testcase classname="frontEnd.sample" name="addToWatchList" time="10.125"/>
  <testcase classname="frontEnd.sample" name="extractDataFromWebTable" time="34.4"/>
  <testcase classname="frontEnd.sample" name="compareDataAfterFilter" time="30.083"/>
  <testcase classname="backEnd.sampleBackend" name="getCoinIds" time="20.258"/>
  <testcase classname="backEnd.sampleBackend" name="convertToBolivianCurrency" time="3.469"/>
  <testcase classname="backEnd.sampleBackend" name="retrieveInfoOfEthereum" time="1.129"/>
  <testcase classname="backEnd.sampleBackend" name="getMineableTagsAndCurrencyInfoOfFirstTenCurrencies" time="1.262"/>
</testsuite> <!-- Regression -->
