<?xml version="1.0" encoding="UTF-8"?>
<testsuite xmlns:xsi="http://www.w3.org/2001/XMLSchema-instance" xsi:schemaLocation="https://maven.apache.org/surefire/maven-surefire-plugin/xsd/surefire-test-report.xsd" name="TestSuite" time="129.139" tests="8" errors="0" skipped="0" failures="0">
  <properties>
[...]
</properties>
  <testcase name="verifyHundredResultsDisplayed" classname="frontEnd.sample" time="24.596"/>
  <testcase name="addToWatchList" classname="frontEnd.sample" time="10.125"/>
  <testcase name="extractDataFromWebTable" classname="frontEnd.sample" time="34.4"/>
  <testcase name="compareDataAfterFilter" classname="frontEnd.sample" time="30.082"/>
  <testcase name="getCoinIds" classname="backEnd.sampleBackend" time="20.258"/>
  <testcase name="convertToBolivianCurrency" classname="backEnd.sampleBackend" time="3.469"/>
  <testcase name="retrieveInfoOfEthereum" classname="backEnd.sampleBackend" time="1.13"/>
  <testcase name="getMineableTagsAndCurrencyInfoOfFirstTenCurrencies" classname="backEnd.sampleBackend" time="1.263"/>
</testsuite>